\BOOKMARK [-1][]{thuchapter.1.-1}{\376\377\144\315\117\134\174\373\176\337\133\217\121\205\150\070\121\205\133\130\173\241\164\006\176\304\116\366\143\245\123\343\166\204\213\276\213\241\116\016\133\236\163\260}{}% 1
\BOOKMARK [0][]{thuchapter.2.0}{\376\377\121\163\116\216\213\272\145\207\117\177\165\050\143\210\147\103\166\204\213\364\146\016}{thuchapter.1.-1}% 2
\BOOKMARK [0][]{thuchapter.3.0}{\376\377\144\130\211\201}{thuchapter.1.-1}% 3
\BOOKMARK [0][]{thuchapter.4.0}{\376\377\000A\000b\000s\000t\000r\000a\000c\000t}{thuchapter.1.-1}% 4
\BOOKMARK [0][]{thuchapter.5.0}{\376\377\166\356\137\125}{thuchapter.1.-1}% 5
\BOOKMARK [0][]{thuchapter.6.0}{\376\377\143\322\126\376\156\005\123\125}{thuchapter.1.-1}% 6
\BOOKMARK [0][]{thuchapter.7.0}{\376\377\226\104\210\150\156\005\123\125}{thuchapter.1.-1}% 7
\BOOKMARK [0][]{thuchapter.8.0}{\376\377\173\046\123\367\124\214\177\051\165\145\213\355\213\364\146\016}{thuchapter.1.-1}% 8
\BOOKMARK [0][]{chapter.1}{\376\377\173\054\0001\172\340\000\040\137\025\212\000}{thuchapter.1.-1}% 9
\BOOKMARK [1][-]{section.1.1}{\376\377\0001\000.\0001\000\040\213\376\230\230\200\314\146\157}{chapter.1}% 10
\BOOKMARK [2][-]{subsection.1.1.1}{\376\377\0001\000.\0001\000.\0001\000\040\144\315\117\134\174\373\176\337\133\217\121\205\150\070}{section.1.1}% 11
\BOOKMARK [2][-]{subsection.1.1.2}{\376\377\0001\000.\0001\000.\0002\000\040\144\315\117\134\174\373\176\337\166\204\176\304\116\366\123\026}{section.1.1}% 12
\BOOKMARK [2][-]{subsection.1.1.3}{\376\377\0001\000.\0001\000.\0003\000\040\144\315\117\134\174\373\176\337\166\204\121\205\133\130\173\241\164\006}{section.1.1}% 13
\BOOKMARK [1][-]{section.1.2}{\376\377\0001\000.\0002\000\040\166\370\121\163\170\024\172\166\135\345\117\134}{chapter.1}% 14
\BOOKMARK [2][-]{subsection.1.2.1}{\376\377\0001\000.\0002\000.\0001\000\040\000D\000r\000a\000g\000o\000n\000O\000S}{section.1.2}% 15
\BOOKMARK [2][-]{subsection.1.2.2}{\376\377\0001\000.\0002\000.\0002\000\040\146\037\176\375}{section.1.2}% 16
\BOOKMARK [2][-]{subsection.1.2.3}{\376\377\0001\000.\0002\000.\0003\000\040\000B\000y\000t\000e\000O\000S}{section.1.2}% 17
\BOOKMARK [1][-]{section.1.3}{\376\377\0001\000.\0003\000\040\213\376\230\230\121\205\133\271\124\214\141\017\116\111}{chapter.1}% 18
\BOOKMARK [2][-]{subsection.1.3.1}{\376\377\0001\000.\0003\000.\0001\000\040\213\376\230\230\121\205\133\271}{section.1.3}% 19
\BOOKMARK [2][-]{subsection.1.3.2}{\376\377\0001\000.\0003\000.\0002\000\040\213\376\230\230\141\017\116\111}{section.1.3}% 20
\BOOKMARK [1][-]{section.1.4}{\376\377\0001\000.\0004\000\040\213\272\145\207\176\323\147\204}{chapter.1}% 21
\BOOKMARK [0][]{chapter.2}{\376\377\173\054\0002\172\340\000\040\000A\000r\000c\000e\000O\000S\000\040\121\205\150\070}{thuchapter.1.-1}% 22
\BOOKMARK [1][-]{section.2.1}{\376\377\0002\000.\0001\000\040\000A\000r\000c\000e\000O\000S\000\040\151\202\217\360}{chapter.2}% 23
\BOOKMARK [1][-]{section.2.2}{\376\377\0002\000.\0002\000\040\000A\000r\000c\000e\000O\000S\000\040\121\205\133\130\173\241\164\006\176\304\116\366\123\312\143\245\123\343}{chapter.2}% 24
\BOOKMARK [2][-]{subsection.2.2.1}{\376\377\0002\000.\0002\000.\0001\000\040\000a\000x\000h\000a\000l}{section.2.2}% 25
\BOOKMARK [2][-]{subsection.2.2.2}{\376\377\0002\000.\0002\000.\0002\000\040\000a\000x\000a\000l\000l\000o\000c}{section.2.2}% 26
\BOOKMARK [2][-]{subsection.2.2.3}{\376\377\0002\000.\0002\000.\0003\000\040\000a\000x\000m\000m}{section.2.2}% 27
\BOOKMARK [2][-]{subsection.2.2.4}{\376\377\0002\000.\0002\000.\0004\000\040\000a\000x\000d\000m\000a}{section.2.2}% 28
\BOOKMARK [1][-]{section.2.3}{\376\377\0002\000.\0003\000\040\000A\000r\000c\000e\000O\000S\000\040\121\205\133\130\173\241\164\006\147\072\122\066}{chapter.2}% 29
\BOOKMARK [0][]{chapter.3}{\376\377\173\054\0003\172\340\000\040\000s\000t\000a\000r\000r\000y\000-\000n\000e\000x\000t\000\040\133\217\121\205\150\070}{thuchapter.1.-1}% 30
\BOOKMARK [1][-]{section.3.1}{\376\377\0003\000.\0001\000\040\000s\000t\000a\000r\000r\000y\000-\000n\000e\000x\000t\000\040\133\217\121\205\150\070\145\164\117\123\147\266\147\204}{chapter.3}% 31
\BOOKMARK [1][-]{section.3.2}{\376\377\0003\000.\0002\000\040\000s\000t\000a\000r\000r\000y\000-\000n\000e\000x\000t\000\040\122\035\131\313\123\026\124\214\217\320\210\114\217\307\172\013}{chapter.3}% 32
\BOOKMARK [1][-]{section.3.3}{\376\377\0003\000.\0003\000\040\122\240\217\175\172\013\136\217\122\060\121\205\133\130\172\172\225\364}{chapter.3}% 33
\BOOKMARK [1][-]{section.3.4}{\376\377\0003\000.\0004\000\040\000s\000t\000a\000r\000r\000y\000-\000n\000e\000x\000t\000\040\121\205\133\130\173\241\164\006\152\041\127\127}{chapter.3}% 34
\BOOKMARK [2][-]{subsection.3.4.1}{\376\377\0003\000.\0004\000.\0001\000\040\152\041\127\127\176\323\147\204}{section.3.4}% 35
\BOOKMARK [2][-]{subsection.3.4.2}{\376\377\0003\000.\0004\000.\0002\000\040\121\205\133\130\173\241\164\006\147\072\122\066}{section.3.4}% 36
\BOOKMARK [2][-]{subsection.3.4.3}{\376\377\0003\000.\0004\000.\0003\000\040\230\165\227\142\137\002\136\070\131\004\164\006}{section.3.4}% 37
\BOOKMARK [2][-]{subsection.3.4.4}{\376\377\0003\000.\0004\000.\0004\000\040\121\205\133\130\136\003\134\100}{section.3.4}% 38
\BOOKMARK [2][-]{subsection.3.4.5}{\376\377\0003\000.\0004\000.\0005\000\040\133\211\121\150\121\205\133\130\213\277\225\356}{section.3.4}% 39
\BOOKMARK [0][]{chapter.4}{\376\377\173\054\0004\172\340\000\040\121\205\133\130\173\241\164\006\133\120\174\373\176\337\143\245\123\343\166\204\213\276\213\241\116\016\133\236\163\260}{thuchapter.1.-1}% 40
\BOOKMARK [1][-]{section.4.1}{\376\377\0004\000.\0001\000\040\121\205\133\130\173\241\164\006\133\120\174\373\176\337\151\202\217\360}{chapter.4}% 41
\BOOKMARK [1][-]{section.4.2}{\376\377\0004\000.\0002\000\040\121\205\133\130\173\241\164\006\133\120\174\373\176\337\166\364\143\245\166\370\121\163\166\204\174\373\176\337\214\003\165\050}{chapter.4}% 42
\BOOKMARK [2][-]{subsection.4.2.1}{\376\377\0004\000.\0002\000.\0001\000\040\000m\000m\000a\000p\000\040\174\373\176\337\214\003\165\050}{section.4.2}% 43
\BOOKMARK [2][-]{subsection.4.2.2}{\376\377\0004\000.\0002\000.\0002\000\040\000m\000u\000n\000m\000a\000p\000\040\174\373\176\337\214\003\165\050}{section.4.2}% 44
\BOOKMARK [2][-]{subsection.4.2.3}{\376\377\0004\000.\0002\000.\0003\000\040\000b\000r\000k\000\040\174\373\176\337\214\003\165\050}{section.4.2}% 45
\BOOKMARK [2][-]{subsection.4.2.4}{\376\377\0004\000.\0002\000.\0004\000\040\000m\000p\000r\000o\000t\000e\000c\000t\000\040\174\373\176\337\214\003\165\050}{section.4.2}% 46
\BOOKMARK [1][-]{section.4.3}{\376\377\0004\000.\0003\000\040\121\205\133\130\173\241\164\006\133\120\174\373\176\337\225\364\143\245\166\370\121\163\166\204\174\373\176\337\214\003\165\050}{chapter.4}% 47
\BOOKMARK [2][-]{subsection.4.3.1}{\376\377\0004\000.\0003\000.\0001\000\040\000s\000y\000s\000i\000n\000f\000o\000\040\174\373\176\337\214\003\165\050}{section.4.3}% 48
\BOOKMARK [2][-]{subsection.4.3.2}{\376\377\0004\000.\0003\000.\0002\000\040\000a\000r\000c\000h\000\137\000p\000r\000c\000t\000l\000\040\174\373\176\337\214\003\165\050}{section.4.3}% 49
\BOOKMARK [2][-]{subsection.4.3.3}{\376\377\0004\000.\0003\000.\0003\000\040\000p\000r\000l\000i\000m\000i\000t\0006\0004\000\040\174\373\176\337\214\003\165\050}{section.4.3}% 50
\BOOKMARK [0][]{chapter.5}{\376\377\173\054\0005\172\340\000\040\121\205\133\130\173\241\164\006\176\304\116\366\137\000\123\321\116\016\155\113\213\325}{thuchapter.1.-1}% 51
\BOOKMARK [1][-]{section.5.1}{\376\377\0005\000.\0001\000\040\137\000\123\321\217\307\172\013}{chapter.5}% 52
\BOOKMARK [2][-]{subsection.5.1.1}{\376\377\0005\000.\0001\000.\0001\000\040\122\115\147\037\121\306\131\007}{section.5.1}% 53
\BOOKMARK [2][-]{subsection.5.1.2}{\376\377\0005\000.\0001\000.\0002\000\040\163\257\130\203\221\115\177\156}{section.5.1}% 54
\BOOKMARK [2][-]{subsection.5.1.3}{\376\377\0005\000.\0001\000.\0003\000\040\127\372\170\100\133\236\163\260}{section.5.1}% 55
\BOOKMARK [2][-]{subsection.5.1.4}{\376\377\0005\000.\0001\000.\0004\000\040\217\333\226\066\137\000\123\321}{section.5.1}% 56
\BOOKMARK [1][-]{section.5.2}{\376\377\0005\000.\0002\000\040\121\205\133\130\173\241\164\006\176\304\116\366\166\204\155\113\213\325}{chapter.5}% 57
\BOOKMARK [2][-]{subsection.5.2.1}{\376\377\0005\000.\0002\000.\0001\000\040\155\113\213\325\165\050\117\213\122\006\147\220}{section.5.2}% 58
\BOOKMARK [2][-]{subsection.5.2.2}{\376\377\0005\000.\0002\000.\0002\000\040\155\113\213\325\165\050\117\213\133\236\163\260}{section.5.2}% 59
\BOOKMARK [2][-]{subsection.5.2.3}{\376\377\0005\000.\0002\000.\0003\000\040\155\113\213\325\176\323\147\234\116\016\122\006\147\220}{section.5.2}% 60
\BOOKMARK [0][]{chapter.6}{\376\377\173\054\0006\172\340\000\040\176\323\213\272\116\016\134\125\147\033}{thuchapter.1.-1}% 61
\BOOKMARK [1][-]{section.6.1}{\376\377\0006\000.\0001\000\040\176\323\213\272}{chapter.6}% 62
\BOOKMARK [1][-]{section.6.2}{\376\377\0006\000.\0002\000\040\134\125\147\033}{chapter.6}% 63
\BOOKMARK [0][]{section*.50}{\376\377\123\302\200\003\145\207\163\056}{thuchapter.1.-1}% 64
\BOOKMARK [0][]{appendix.A}{\376\377\226\104\137\125\000\040\000A\000\040\131\026\145\207\215\104\145\231\166\204\116\146\227\142\177\373\213\321}{thuchapter.1.-1}% 65
\BOOKMARK [1][-]{section*.52}{\376\377\144\130\211\201}{appendix.A}% 66
\BOOKMARK [1][-]{section.A.1}{\376\377\000A\000.\0001\000\040\137\025\212\000}{appendix.A}% 67
\BOOKMARK [1][-]{section.A.2}{\376\377\000A\000.\0002\000\040\137\256\143\247\122\066\126\150\116\012\166\204\131\032\150\070\214\003\136\246\166\204\166\370\121\163\170\024\172\166}{appendix.A}% 68
\BOOKMARK [1][-]{section.A.3}{\376\377\000A\000.\0003\000\040\000A\000r\000i\000e\000l\000\040\000O\000S\000\040\123\312\121\166\214\003\136\246\126\150\166\204\166\356\150\007}{appendix.A}% 69
\BOOKMARK [1][-]{section.A.4}{\376\377\000A\000.\0004\000\040\123\125\150\070\214\003\136\246\126\150\166\204\127\372\170\100\116\016\117\030\123\026}{appendix.A}% 70
\BOOKMARK [1][-]{section.A.5}{\376\377\000A\000.\0005\000\040\000A\000r\000i\000e\000l\000\040\000O\000S\000\040\131\032\150\070\214\003\136\246\126\150\213\276\213\241}{appendix.A}% 71
\BOOKMARK [2][-]{subsection.A.5.1}{\376\377\000A\000.\0005\000.\0001\000\040\124\057\122\250}{section.A.5}% 72
\BOOKMARK [2][-]{subsection.A.5.2}{\376\377\000A\000.\0005\000.\0002\000\040\121\150\134\100\214\003\136\246\145\271\150\110}{section.A.5}% 73
\BOOKMARK [2][-]{subsection.A.5.3}{\376\377\000A\000.\0005\000.\0003\000\040\176\277\172\013\122\006\221\115\122\060\150\070}{section.A.5}% 74
\BOOKMARK [2][-]{subsection.A.5.4}{\376\377\000A\000.\0005\000.\0004\000\040\150\070\116\262\124\214\140\047\143\251\170\001}{section.A.5}% 75
\BOOKMARK [2][-]{subsection.A.5.5}{\376\377\000A\000.\0005\000.\0005\000\040\122\250\140\001\117\030\121\110\176\247\116\016\117\030\121\110\176\247\176\347\142\177}{section.A.5}% 76
\BOOKMARK [2][-]{subsection.A.5.6}{\376\377\000A\000.\0005\000.\0006\000\040\214\003\136\246\126\150\116\055\166\204\124\014\153\145}{section.A.5}% 77
\BOOKMARK [2][-]{subsection.A.5.7}{\376\377\000A\000.\0005\000.\0007\000\040\214\003\136\246\176\277\172\013\116\016\137\002\153\145\000\040\000R\000u\000s\000t\000\040\116\373\122\241\176\323\124\010}{section.A.5}% 78
\BOOKMARK [1][-]{section.A.6}{\376\377\000A\000.\0006\000\040\000A\000r\000i\000e\000l\000\040\000O\000S\000\040\214\003\136\246\126\150\133\236\163\260}{appendix.A}% 79
\BOOKMARK [2][-]{subsection.A.6.1}{\376\377\000A\000.\0006\000.\0001\000\040\170\154\116\366\142\275\214\141}{section.A.6}% 80
\BOOKMARK [2][-]{subsection.A.6.2}{\376\377\000A\000.\0006\000.\0002\000\040\162\171\133\232\136\163\123\360\166\204\214\003\136\246\220\073\217\221}{section.A.6}% 81
\BOOKMARK [2][-]{subsection.A.6.3}{\376\377\000A\000.\0006\000.\0003\000\040\116\055\145\255\131\004\164\006}{section.A.6}% 82
\BOOKMARK [2][-]{subsection.A.6.4}{\376\377\000A\000.\0006\000.\0004\000\040\214\003\136\246\126\150\116\055\166\204\124\014\153\145}{section.A.6}% 83
\BOOKMARK [1][-]{section.A.7}{\376\377\000A\000.\0007\000\040\117\177\165\050\000\040\000A\000r\000i\000e\000l\000\040\000O\000S\000\040\131\032\150\070\166\204\137\256\127\372\121\306\155\113\213\325}{appendix.A}% 84
\BOOKMARK [2][-]{subsection.A.7.1}{\376\377\000A\000.\0007\000.\0001\000\040\153\324\217\203\131\032\150\070\214\003\136\246\126\150\166\204\135\356\137\002}{section.A.7}% 85
\BOOKMARK [2][-]{subsection.A.7.2}{\376\377\000A\000.\0007\000.\0002\000\040\131\032\150\070\214\003\136\246\166\204\137\000\225\000}{section.A.7}% 86
\BOOKMARK [2][-]{subsection.A.7.3}{\376\377\000A\000.\0007\000.\0003\000\040\213\241\173\227\133\306\226\306\127\213\116\373\122\241\166\204\122\240\220\037}{section.A.7}% 87
\BOOKMARK [1][-]{section.A.8}{\376\377\000A\000.\0008\000\040\000A\000r\000i\000e\000l\000\040\144\315\117\134\174\373\176\337\151\202\217\360\000\040}{appendix.A}% 88
\BOOKMARK [1][-]{section.A.9}{\376\377\000A\000.\0009\000\040\176\323\213\272}{appendix.A}% 89
\BOOKMARK [1][-]{section*.58}{\376\377\123\302\200\003\145\207\163\056}{appendix.A}% 90
\BOOKMARK [0][]{appendix.B}{\376\377\226\104\137\125\000\040\000B\000\040\210\145\121\105\121\205\133\271}{thuchapter.1.-1}% 91
\BOOKMARK [1][-]{section.B.1}{\376\377\000B\000.\0001\000\040\143\322\126\376}{appendix.B}% 92
\BOOKMARK [0][]{section*.62}{\376\377\201\364\214\042}{thuchapter.1.-1}% 93
\BOOKMARK [0][]{section*.64}{\376\377\130\360\146\016}{thuchapter.1.-1}% 94
